Arguments: 
  C:\Program Files\nodejs\node.exe C:\Program Files (x86)\Yarn\bin\yarn.js install

PATH: 
  C:\Program Files (x86)\Common Files\Oracle\Java\javapath;C:\ProgramData\Oracle\Java\javapath;C:\WINDOWS\system32;C:\WINDOWS;C:\WINDOWS\System32\Wbem;C:\WINDOWS\System32\WindowsPowerShell\v1.0\;C:\WINDOWS\System32\OpenSSH\;C:\Program Files\nodejs\;C:\Program Files\Git\cmd;C:\Program Files (x86)\Yarn\bin\;C:\Program Files\Microsoft VS Code\bin;C:\PostgreSQL\12\bin;C:\Program Files\Java\jdk-10.0.2\bin;C:\PostgreSQL\12\data;C:\ProgramData\chocolatey\bin;C:\Users\Moses\AppData\Local\Microsoft\WindowsApps;C:\Users\Moses\AppData\Roaming\npm;C:\Users\Moses\AppData\Local\Yarn\bin;C:\PostgreSQL\12\bin;C:\PostgreSQL\12\data;C:\Program Files\heroku\bin

Yarn version: 
  1.17.3

Node version: 
  12.9.1

Platform: 
  win32 x64

Trace: 
  Error: EPERM: operation not permitted, unlink 'C:\Users\Moses\Desktop\capstone\backend\node_modules\bcrypt\lib\binding\bcrypt_lib.node'

npm manifest: 
  {
    "dependencies": {
      "babel-istanbul": "^0.12.2",
      "bcrypt": "^3.0.6",
      "body-parser": "^1.19.0",
      "cloudinary": "^1.16.0",
      "codeclimate-test-reporter": "^0.5.1",
      "cookie-parser": "^1.4.4",
      "cors": "^2.8.5",
      "coveralls": "^3.0.7",
      "express": "^4.17.1",
      "global": "^4.4.0",
      "istanbul": "^1.0.0-alpha.2",
      "jasmine": "^3.5.0",
      "jasmine-node": "^3.0.0",
      "jsonwebtoken": "^8.5.1",
      "multer": "^1.4.2",
      "multer-storage-cloudinary": "^2.2.1",
      "nodemon": "^1.19.4",
      "pg": "^7.12.1",
      "request": "^2.88.0"
    },
    "name": "backend",
    "description": "",
    "version": "1.0.0",
    "main": "index.js",
    "devDependencies": {
      "eslint": "^6.6.0",
      "eslint-config-airbnb-base": "^14.0.0",
      "eslint-plugin-import": "^2.18.2"
    },
    "scripts": {
      "test": "istanbul cover --include-all-sources --report lcov --  jasmine-node --captureExceptions spec/ && cat ./coverage/lcov.info | ./node_modules/coveralls/bin/coveralls.js && rm -rf ./coverage"
    },
    "repository": {
      "type": "git",
      "url": "git+https://github.com/MosesNwaeze/backend.git"
    },
    "author": "Moses nwaeze",
    "license": "ISC",
    "bugs": {
      "url": "https://github.com/MosesNwaeze/backend/issues"
    },
    "homepage": "https://github.com/MosesNwaeze/backend#readme"
  }

yarn manifest: 
  No manifest

Lockfile: 
  No lockfile
